\BOOKMARK [1][-]{Doc-Start}{\376\377\000A\000b\000s\000t\000r\000a\000c\000t}{}% 1
\BOOKMARK [1][-]{Doc-Start}{\376\377\000B\000A\000B\000\040\0001\000\040\000P\000E\000N\000D\000A\000H\000U\000L\000U\000A\000N}{}% 2
\BOOKMARK [2][-]{subsection.1.1}{\376\377\000L\000a\000t\000a\000r\000\040\000B\000e\000l\000a\000k\000a\000n\000g}{Doc-Start}% 3
\BOOKMARK [2][-]{subsection.1.2}{\376\377\000R\000u\000m\000u\000s\000a\000n\000\040\000M\000a\000s\000a\000l\000a\000h}{Doc-Start}% 4
\BOOKMARK [2][-]{subsection.1.3}{\376\377\000T\000u\000j\000u\000a\000n\000\040\000P\000e\000n\000e\000l\000i\000t\000i\000a\000n}{Doc-Start}% 5
\BOOKMARK [2][-]{subsection.1.4}{\376\377\000M\000a\000n\000f\000a\000a\000t\000\040\000P\000e\000n\000e\000l\000i\000t\000i\000a\000n}{Doc-Start}% 6
\BOOKMARK [1][-]{Item.13}{\376\377\000B\000A\000B\000\040\0002\000\040\000T\000I\000N\000J\000A\000U\000A\000N\000\040\000P\000U\000S\000T\000A\000K\000A}{}% 7
\BOOKMARK [2][-]{subsection.2.1}{\376\377\000I\000n\000t\000e\000r\000n\000e\000t\000\040\000o\000f\000\040\000T\000h\000i\000n\000g\000s\000\040\000\050\000I\000o\000T\000\051\000\040\000d\000a\000l\000a\000m\000\040\000I\000n\000d\000u\000s\000t\000r\000i}{Item.13}% 8
\BOOKMARK [2][-]{subsection.2.2}{\376\377\000M\000o\000d\000b\000u\000s\000\040\000R\000T\000U\000\040\000P\000r\000o\000t\000o\000c\000o\000l}{Item.13}% 9
\BOOKMARK [2][-]{subsection.2.3}{\376\377\000T\000i\000m\000e\000-\000S\000e\000r\000i\000e\000s\000\040\000D\000a\000t\000a\000b\000a\000s\000e}{Item.13}% 10
\BOOKMARK [2][-]{subsection.2.4}{\376\377\000D\000W\000S\000I\000M\000\040\000P\000r\000o\000c\000e\000s\000s\000\040\000S\000i\000m\000u\000l\000a\000t\000o\000r}{Item.13}% 11
\BOOKMARK [2][-]{subsection.2.5}{\376\377\000M\000Q\000T\000T\000\040\000P\000r\000o\000t\000o\000c\000o\000l}{Item.13}% 12
\BOOKMARK [2][-]{subsection.2.6}{\376\377\000R\000u\000s\000t\000\040\000P\000r\000o\000g\000r\000a\000m\000m\000i\000n\000g\000\040\000L\000a\000n\000g\000u\000a\000g\000e\000\040\000u\000n\000t\000u\000k\000\040\000E\000m\000b\000e\000d\000d\000e\000d\000\040\000S\000y\000s\000t\000e\000m\000s}{Item.13}% 13
\BOOKMARK [1][-]{subsection.2.6}{\376\377\000B\000A\000B\000\040\0003\000\040\000M\000E\000T\000O\000D\000O\000L\000O\000G\000I}{}% 14
\BOOKMARK [2][-]{subsection.3.1}{\376\377\000A\000r\000s\000i\000t\000e\000k\000t\000u\000r\000\040\000S\000i\000s\000t\000e\000m}{subsection.2.6}% 15
\BOOKMARK [2][-]{subsection.3.2}{\376\377\000H\000a\000r\000d\000w\000a\000r\000e\000\040\000d\000a\000n\000\040\000S\000e\000n\000s\000o\000r}{subsection.2.6}% 16
\BOOKMARK [3][-]{subsubsection.3.2.1}{\376\377\000E\000S\000P\0003\0002\000\040\000M\000i\000c\000r\000o\000c\000o\000n\000t\000r\000o\000l\000l\000e\000r}{subsection.3.2}% 17
\BOOKMARK [3][-]{subsubsection.3.2.2}{\376\377\000S\000H\000T\0002\0000\000\040\000T\000e\000m\000p\000e\000r\000a\000t\000u\000r\000e\000\040\000a\000n\000d\000\040\000H\000u\000m\000i\000d\000i\000t\000y\000\040\000S\000e\000n\000s\000o\000r}{subsection.3.2}% 18
\BOOKMARK [2][-]{subsection.3.3}{\376\377\000I\000m\000p\000l\000e\000m\000e\000n\000t\000a\000s\000i\000\040\000F\000i\000r\000m\000w\000a\000r\000e\000\040\000E\000S\000P\0003\0002}{subsection.2.6}% 19
\BOOKMARK [3][-]{subsubsection.3.3.1}{\376\377\000A\000l\000g\000o\000r\000i\000t\000m\000a\000\040\000P\000e\000m\000b\000a\000c\000a\000a\000n\000\040\000M\000o\000d\000b\000u\000s\000\040\000R\000T\000U}{subsection.3.3}% 20
\BOOKMARK [3][-]{subsubsection.3.3.2}{\376\377\000K\000o\000n\000t\000r\000o\000l\000\040\000R\000e\000l\000a\000y\000\040\000O\000t\000o\000m\000a\000t\000i\000s}{subsection.3.3}% 21
\BOOKMARK [3][-]{subsubsection.3.3.3}{\376\377\000S\000e\000r\000i\000a\000l\000\040\000O\000u\000t\000p\000u\000t\000\040\000P\000r\000o\000t\000o\000c\000o\000l}{subsection.3.3}% 22
\BOOKMARK [2][-]{subsection.3.4}{\376\377\000I\000m\000p\000l\000e\000m\000e\000n\000t\000a\000s\000i\000\040\000B\000a\000c\000k\000e\000n\000d\000\040\000S\000e\000r\000v\000i\000c\000e}{subsection.2.6}% 23
\BOOKMARK [3][-]{subsubsection.3.4.1}{\376\377\000S\000e\000r\000i\000a\000l\000\040\000G\000a\000t\000e\000w\000a\000y}{subsection.3.4}% 24
\BOOKMARK [3][-]{subsubsection.3.4.2}{\376\377\000I\000n\000f\000l\000u\000x\000D\000B\000\040\000I\000n\000t\000e\000g\000r\000a\000t\000i\000o\000n}{subsection.3.4}% 25
\BOOKMARK [3][-]{subsubsection.3.4.3}{\376\377\000M\000Q\000T\000T\000\040\000B\000r\000i\000d\000g\000e}{subsection.3.4}% 26
\BOOKMARK [2][-]{subsection.3.5}{\376\377\000I\000n\000t\000e\000g\000r\000a\000s\000i\000\040\000D\000W\000S\000I\000M}{subsection.2.6}% 27
\BOOKMARK [3][-]{subsubsection.3.5.1}{\376\377\000X\000M\000L\000\040\000P\000a\000r\000s\000i\000n\000g\000\040\000M\000e\000t\000h\000o\000d}{subsection.3.5}% 28
\BOOKMARK [3][-]{subsubsection.3.5.2}{\376\377\000C\000o\000n\000t\000i\000n\000u\000o\000u\000s\000\040\000M\000o\000n\000i\000t\000o\000r\000i\000n\000g}{subsection.3.5}% 29
\BOOKMARK [2][-]{subsection.3.6}{\376\377\000T\000h\000i\000n\000g\000s\000B\000o\000a\000r\000d\000\040\000D\000a\000s\000h\000b\000o\000a\000r\000d}{subsection.2.6}% 30
\BOOKMARK [2][-]{subsection.3.7}{\376\377\000D\000a\000t\000a\000\040\000R\000e\000c\000o\000r\000d\000e\000r\000\040\000u\000n\000t\000u\000k\000\040\000A\000n\000a\000l\000i\000s\000i\000s}{subsection.2.6}% 31
\BOOKMARK [1][-]{lstnumber.9.37}{\376\377\000B\000A\000B\000\040\0004\000\040\000H\000A\000S\000I\000L\000\040\000D\000A\000N\000\040\000P\000E\000M\000B\000A\000H\000A\000S\000A\000N}{}% 32
\BOOKMARK [2][-]{subsection.4.1}{\376\377\000H\000a\000s\000i\000l\000\040\000I\000m\000p\000l\000e\000m\000e\000n\000t\000a\000s\000i\000\040\000S\000i\000s\000t\000e\000m}{lstnumber.9.37}% 33
\BOOKMARK [3][-]{subsubsection.4.1.1}{\376\377\000H\000a\000s\000i\000l\000\040\000P\000e\000n\000g\000u\000j\000i\000a\000n\000\040\000S\000i\000s\000t\000e\000m\000\040\000S\000e\000l\000a\000m\000a\000\040\0005\000\040\000J\000a\000m}{subsection.4.1}% 34
\BOOKMARK [3][-]{subsubsection.4.1.2}{\376\377\000S\000t\000a\000b\000i\000l\000i\000t\000a\000s\000\040\000K\000o\000m\000u\000n\000i\000k\000a\000s\000i\000\040\000M\000o\000d\000b\000u\000s\000\040\000R\000T\000U}{subsection.4.1}% 35
\BOOKMARK [3][-]{subsubsection.4.1.3}{\376\377\000I\000n\000t\000e\000g\000r\000a\000s\000i\000\040\000D\000a\000t\000a\000\040\000D\000W\000S\000I\000M\000\040\000d\000e\000n\000g\000a\000n\000\040\000S\000e\000n\000s\000o\000r\000\040\000R\000e\000a\000l\000-\000T\000i\000m\000e}{subsection.4.1}% 36
\BOOKMARK [2][-]{subsection.4.2}{\376\377\000P\000e\000m\000b\000a\000h\000a\000s\000a\000n}{lstnumber.9.37}% 37
\BOOKMARK [1][-]{subsection.4.2}{\376\377\000B\000A\000B\000\040\0005\000\040\000K\000E\000S\000I\000M\000P\000U\000L\000A\000N\000\040\000D\000A\000N\000\040\000S\000A\000R\000A\000N}{}% 38
\BOOKMARK [2][-]{subsection.5.1}{\376\377\000K\000e\000s\000i\000m\000p\000u\000l\000a\000n}{subsection.4.2}% 39
\BOOKMARK [2][-]{subsection.5.2}{\376\377\000S\000a\000r\000a\000n}{subsection.4.2}% 40
\BOOKMARK [1][-]{Item.40}{\376\377\000D\000a\000f\000t\000a\000r\000\040\000P\000u\000s\000t\000a\000k\000a}{}% 41
\BOOKMARK [1][-]{Item.40}{\376\377\000L\000a\000m\000p\000i\000r\000a\000n}{}% 42
